<?xml version="1.0" encoding="UTF-8"?>
<testsuite xmlns:xsi="http://www.w3.org/2001/XMLSchema-instance" xsi:noNamespaceSchemaLocation="https://maven.apache.org/surefire/maven-surefire-plugin/xsd/surefire-test-report-3.0.xsd" version="3.0" name="com.renkai.firmware.FirmwareUpgradeServiceTest" time="0.032" tests="1" errors="0" skipped="0" failures="0">
  <properties>
[...]
</properties>
  <testcase name="shouldReportRebootFailure" classname="com.renkai.firmware.FirmwareUpgradeServiceTest" time="0.02">
    <system-out><![CDATA[
============================================================
TEST CASE       : Device reboot failure after firmware upgrade
EXPECTED STATUS : REBOOT_FAILED
ACTUAL STATUS   : REBOOT_FAILED
TEST VERDICT    : PASS
OLD VERSION     : 1.0.0
TARGET VERSION  : 1.1.0
DEVICE VERSION  : 1.0.0
ATTEMPTS        : 2
DURATION        : 0 ms
MESSAGE         : Device did not return online
DEVICE STATE    : FAILED
DEVICE LOGS     :
  - INFO Device initialized
  - INFO Firmware uploaded: 1.1.0
  - INFO Upgrade started
  - INFO Device rebooting
  - BOOT FAILURE Device did not return online
  - INFO Firmware uploaded: 1.1.0
  - INFO Upgrade started
  - INFO Device rebooting
  - BOOT FAILURE Device did not return online
============================================================

]]></system-out>
  </testcase>
</testsuite>